19:42:43.909 [main] INFO  testCases.TC_001_AccountRegistrationTest - ***  Starting TC_001_AccountRegistrationTest ***
19:42:44.504 [main] INFO  testCases.TC_001_AccountRegistrationTest - Clicked on My account link
19:42:46.581 [main] INFO  testCases.TC_001_AccountRegistrationTest - Clicked on register link
19:42:46.629 [main] INFO  testCases.TC_001_AccountRegistrationTest - Providing customer data
19:42:47.679 [main] INFO  testCases.TC_001_AccountRegistrationTest - Clicked on continue
19:42:50.208 [main] INFO  testCases.TC_001_AccountRegistrationTest - Validating expected message
19:42:50.211 [main] INFO  testCases.TC_001_AccountRegistrationTest - ***  Finished TC_001_AccountRegistrationTest ***
19:44:22.877 [main] DEBUG io.netty.util.internal.logging.InternalLoggerFactory - Using Log4J2 as the default logging framework
19:44:23.393 [main] DEBUG io.netty.util.ResourceLeakDetector - -Dio.netty.leakDetection.level: simple
19:44:23.393 [main] DEBUG io.netty.util.ResourceLeakDetector - -Dio.netty.leakDetection.targetRecords: 4
19:44:23.431 [main] DEBUG io.netty.util.ResourceLeakDetectorFactory - Loaded default ResourceLeakDetector: io.netty.util.ResourceLeakDetector@5f84abe8
19:44:24.039 [main] DEBUG io.netty.util.internal.PlatformDependent0 - -Dio.netty.noUnsafe: false
19:44:24.039 [main] DEBUG io.netty.util.internal.PlatformDependent0 - Java version: 18
19:44:24.088 [main] DEBUG io.netty.util.internal.PlatformDependent0 - sun.misc.Unsafe.theUnsafe: available
19:44:24.109 [main] DEBUG io.netty.util.internal.PlatformDependent0 - sun.misc.Unsafe.copyMemory: available
19:44:24.110 [main] DEBUG io.netty.util.internal.PlatformDependent0 - sun.misc.Unsafe.storeFence: available
19:44:24.146 [main] DEBUG io.netty.util.internal.PlatformDependent0 - java.nio.Buffer.address: available
19:44:24.238 [main] DEBUG io.netty.util.internal.PlatformDependent0 - direct buffer constructor: unavailable: Reflective setAccessible(true) disabled
19:44:24.240 [main] DEBUG io.netty.util.internal.PlatformDependent0 - java.nio.Bits.unaligned: available, true
19:44:24.243 [main] DEBUG io.netty.util.internal.PlatformDependent0 - jdk.internal.misc.Unsafe.allocateUninitializedArray(int): unavailable: class io.netty.util.internal.PlatformDependent0$7 cannot access class jdk.internal.misc.Unsafe (in module java.base) because module java.base does not export jdk.internal.misc to unnamed module @7ab2bfe1
19:44:24.281 [main] DEBUG io.netty.util.internal.PlatformDependent0 - java.nio.DirectByteBuffer.<init>(long, int): unavailable
19:44:24.281 [main] DEBUG io.netty.util.internal.PlatformDependent - sun.misc.Unsafe: available
19:44:24.282 [main] DEBUG io.netty.util.internal.PlatformDependent - maxDirectMemory: 1042284544 bytes (maybe)
19:44:24.283 [main] DEBUG io.netty.util.internal.PlatformDependent - -Dio.netty.tmpdir: C:\Users\Acer\AppData\Local\Temp (java.io.tmpdir)
19:44:24.285 [main] DEBUG io.netty.util.internal.PlatformDependent - -Dio.netty.bitMode: 64 (sun.arch.data.model)
19:44:24.287 [main] DEBUG io.netty.util.internal.PlatformDependent - Platform: Windows
19:44:24.290 [main] DEBUG io.netty.util.internal.PlatformDependent - -Dio.netty.maxDirectMemory: -1 bytes
19:44:24.291 [main] DEBUG io.netty.util.internal.PlatformDependent - -Dio.netty.uninitializedArrayAllocationThreshold: -1
19:44:24.295 [main] DEBUG io.netty.util.internal.CleanerJava9 - java.nio.ByteBuffer.cleaner(): available
19:44:24.295 [main] DEBUG io.netty.util.internal.PlatformDependent - -Dio.netty.noPreferDirect: false
19:44:24.310 [main] DEBUG io.netty.util.internal.PlatformDependent - org.jctools-core.MpscChunkedArrayQueue: available
19:44:24.530 [main] DEBUG io.netty.util.internal.InternalThreadLocalMap - -Dio.netty.threadLocalMap.stringBuilder.initialSize: 1024
19:44:24.530 [main] DEBUG io.netty.util.internal.InternalThreadLocalMap - -Dio.netty.threadLocalMap.stringBuilder.maxSize: 4096
19:44:26.256 [main] DEBUG io.netty.handler.ssl.JdkSslContext - Default protocols (JDK): [TLSv1.3, TLSv1.2] 
19:44:26.256 [main] DEBUG io.netty.handler.ssl.JdkSslContext - Default cipher suites (JDK): [TLS_ECDHE_ECDSA_WITH_AES_256_GCM_SHA384, TLS_ECDHE_ECDSA_WITH_AES_128_GCM_SHA256, TLS_ECDHE_RSA_WITH_AES_128_GCM_SHA256, TLS_ECDHE_RSA_WITH_AES_256_GCM_SHA384, TLS_ECDHE_RSA_WITH_AES_128_CBC_SHA, TLS_ECDHE_RSA_WITH_AES_256_CBC_SHA, TLS_RSA_WITH_AES_128_GCM_SHA256, TLS_RSA_WITH_AES_128_CBC_SHA, TLS_RSA_WITH_AES_256_CBC_SHA, TLS_AES_128_GCM_SHA256, TLS_AES_256_GCM_SHA384]
19:44:26.639 [main] DEBUG io.netty.channel.MultithreadEventLoopGroup - -Dio.netty.eventLoopThreads: 16
19:44:26.739 [main] DEBUG io.netty.channel.nio.NioEventLoop - -Dio.netty.noKeySetOptimization: false
19:44:26.739 [main] DEBUG io.netty.channel.nio.NioEventLoop - -Dio.netty.selectorAutoRebuildThreshold: 512
19:44:27.141 [main] DEBUG io.netty.buffer.PooledByteBufAllocator - -Dio.netty.allocator.numHeapArenas: 16
19:44:27.142 [main] DEBUG io.netty.buffer.PooledByteBufAllocator - -Dio.netty.allocator.numDirectArenas: 16
19:44:27.142 [main] DEBUG io.netty.buffer.PooledByteBufAllocator - -Dio.netty.allocator.pageSize: 8192
19:44:27.142 [main] DEBUG io.netty.buffer.PooledByteBufAllocator - -Dio.netty.allocator.maxOrder: 9
19:44:27.142 [main] DEBUG io.netty.buffer.PooledByteBufAllocator - -Dio.netty.allocator.chunkSize: 4194304
19:44:27.142 [main] DEBUG io.netty.buffer.PooledByteBufAllocator - -Dio.netty.allocator.smallCacheSize: 256
19:44:27.142 [main] DEBUG io.netty.buffer.PooledByteBufAllocator - -Dio.netty.allocator.normalCacheSize: 64
19:44:27.142 [main] DEBUG io.netty.buffer.PooledByteBufAllocator - -Dio.netty.allocator.maxCachedBufferCapacity: 32768
19:44:27.142 [main] DEBUG io.netty.buffer.PooledByteBufAllocator - -Dio.netty.allocator.cacheTrimInterval: 8192
19:44:27.142 [main] DEBUG io.netty.buffer.PooledByteBufAllocator - -Dio.netty.allocator.cacheTrimIntervalMillis: 0
19:44:27.142 [main] DEBUG io.netty.buffer.PooledByteBufAllocator - -Dio.netty.allocator.useCacheForAllThreads: false
19:44:27.142 [main] DEBUG io.netty.buffer.PooledByteBufAllocator - -Dio.netty.allocator.maxCachedByteBuffersPerChunk: 1023
19:44:27.158 [main] DEBUG io.netty.buffer.ByteBufUtil - -Dio.netty.allocator.type: pooled
19:44:27.158 [main] DEBUG io.netty.buffer.ByteBufUtil - -Dio.netty.threadLocalDirectBufferSize: 0
19:44:27.158 [main] DEBUG io.netty.buffer.ByteBufUtil - -Dio.netty.maxThreadLocalCharBufferSize: 16384
19:44:29.988 [Forwarding newSession on session null to remote] DEBUG io.netty.channel.DefaultChannelId - -Dio.netty.processId: 3768 (auto-detected)
19:44:29.991 [Forwarding newSession on session null to remote] DEBUG io.netty.util.NetUtil - -Djava.net.preferIPv4Stack: false
19:44:29.991 [Forwarding newSession on session null to remote] DEBUG io.netty.util.NetUtil - -Djava.net.preferIPv6Addresses: false
19:44:30.001 [Forwarding newSession on session null to remote] DEBUG io.netty.util.NetUtilInitializations - Loopback interface: lo (Software Loopback Interface 1, 127.0.0.1)
19:44:30.002 [Forwarding newSession on session null to remote] DEBUG io.netty.util.NetUtil - Failed to get SOMAXCONN from sysctl and file \proc\sys\net\core\somaxconn. Default: 200
19:44:30.038 [Forwarding newSession on session null to remote] DEBUG io.netty.channel.DefaultChannelId - -Dio.netty.machineId: 3c:91:80:ff:fe:8d:b7:95 (auto-detected)
19:44:30.354 [AsyncHttpClient-1-2] DEBUG io.netty.buffer.AbstractByteBuf - -Dio.netty.buffer.checkAccessible: true
19:44:30.354 [AsyncHttpClient-1-2] DEBUG io.netty.buffer.AbstractByteBuf - -Dio.netty.buffer.checkBounds: true
19:44:30.354 [AsyncHttpClient-1-2] DEBUG io.netty.util.ResourceLeakDetectorFactory - Loaded default ResourceLeakDetector: io.netty.util.ResourceLeakDetector@6d2c21d6
19:44:30.591 [AsyncHttpClient-1-2] DEBUG io.netty.util.Recycler - -Dio.netty.recycler.maxCapacityPerThread: 4096
19:44:30.591 [AsyncHttpClient-1-2] DEBUG io.netty.util.Recycler - -Dio.netty.recycler.ratio: 8
19:44:30.592 [AsyncHttpClient-1-2] DEBUG io.netty.util.Recycler - -Dio.netty.recycler.chunkSize: 32
19:44:30.592 [AsyncHttpClient-1-2] DEBUG io.netty.util.Recycler - -Dio.netty.recycler.blocking: false
19:44:52.916 [AsyncHttpClient-1-2] DEBUG io.netty.handler.codec.compression.Brotli - brotli4j not in the classpath; Brotli support will be unavailable.
19:44:53.897 [main] DEBUG io.netty.util.internal.ThreadLocalRandom - -Dio.netty.initialSeedUniquifier: 0x394ea201387c85c5
19:45:12.247 [main] DEBUG testCases.TC_001_AccountRegistrationTest - application logs......
19:45:12.247 [main] INFO  testCases.TC_001_AccountRegistrationTest - ***  Starting TC_001_AccountRegistrationTest ***
19:45:14.132 [main] INFO  testCases.TC_001_AccountRegistrationTest - Clicked on My account link
19:45:19.513 [main] INFO  testCases.TC_001_AccountRegistrationTest - Clicked on register link
19:45:19.631 [main] INFO  testCases.TC_001_AccountRegistrationTest - Providing customer data
19:45:25.009 [main] INFO  testCases.TC_001_AccountRegistrationTest - Clicked on continue
19:45:32.145 [main] INFO  testCases.TC_001_AccountRegistrationTest - Validating expected message
19:45:32.203 [main] INFO  testCases.TC_001_AccountRegistrationTest - ***  Finished TC_001_AccountRegistrationTest ***
19:48:02.326 [main] INFO  testCases.TC_001_AccountRegistrationTest - ***  Starting TC_001_AccountRegistrationTest ***
19:48:03.984 [main] INFO  testCases.TC_001_AccountRegistrationTest - Clicked on My account link
19:48:06.339 [main] INFO  testCases.TC_001_AccountRegistrationTest - Clicked on register link
19:48:06.409 [main] INFO  testCases.TC_001_AccountRegistrationTest - Providing customer data
19:48:07.953 [main] INFO  testCases.TC_001_AccountRegistrationTest - Clicked on continue
19:48:10.620 [main] INFO  testCases.TC_001_AccountRegistrationTest - Validating expected message
19:48:10.622 [main] INFO  testCases.TC_001_AccountRegistrationTest - ***  Finished TC_001_AccountRegistrationTest ***
11:15:41.425 [main] INFO  testCases.TC_001_AccountRegistrationTest - ***  Starting TC_001_AccountRegistrationTest ***
11:15:51.932 [main] INFO  testCases.TC_001_AccountRegistrationTest - Clicked on My account link
11:16:00.540 [main] INFO  testCases.TC_001_AccountRegistrationTest - Clicked on register link
11:16:00.750 [main] INFO  testCases.TC_001_AccountRegistrationTest - Providing customer data
11:16:11.892 [main] INFO  testCases.TC_001_AccountRegistrationTest - Clicked on continue
11:16:22.369 [main] INFO  testCases.TC_001_AccountRegistrationTest - Validating expected message
11:17:07.194 [main] INFO  testCases.TC_001_AccountRegistrationTest - ***  Starting TC_001_AccountRegistrationTest ***
11:17:07.400 [main] INFO  testCases.TC_001_AccountRegistrationTest - Clicked on My account link
11:17:08.284 [main] INFO  testCases.TC_001_AccountRegistrationTest - Clicked on register link
11:17:08.290 [main] INFO  testCases.TC_001_AccountRegistrationTest - Providing customer data
11:17:09.120 [main] INFO  testCases.TC_001_AccountRegistrationTest - Clicked on continue
11:17:10.700 [main] INFO  testCases.TC_001_AccountRegistrationTest - Validating expected message
11:17:10.717 [main] INFO  testCases.TC_001_AccountRegistrationTest - ***  Finished TC_001_AccountRegistrationTest ***
11:24:14.125 [main] INFO  testCases.TC_001_AccountRegistrationTest - ***  Starting TC_001_AccountRegistrationTest ***
11:24:15.454 [main] INFO  testCases.TC_001_AccountRegistrationTest - Clicked on My account link
11:24:16.966 [main] INFO  testCases.TC_001_AccountRegistrationTest - Clicked on register link
11:24:17.026 [main] INFO  testCases.TC_001_AccountRegistrationTest - Providing customer data
11:24:18.370 [main] INFO  testCases.TC_001_AccountRegistrationTest - Clicked on continue
11:24:19.995 [main] INFO  testCases.TC_001_AccountRegistrationTest - Validating expected message
11:24:19.998 [main] INFO  testCases.TC_001_AccountRegistrationTest - ***  Finished TC_001_AccountRegistrationTest ***
11:24:58.677 [main] INFO  testCases.TC_001_AccountRegistrationTest - ***  Starting TC_001_AccountRegistrationTest ***
11:24:59.228 [main] INFO  testCases.TC_001_AccountRegistrationTest - Clicked on My account link
11:25:00.431 [main] INFO  testCases.TC_001_AccountRegistrationTest - Clicked on register link
11:25:00.439 [main] INFO  testCases.TC_001_AccountRegistrationTest - Providing customer data
11:25:01.361 [main] INFO  testCases.TC_001_AccountRegistrationTest - Clicked on continue
11:25:03.887 [main] INFO  testCases.TC_001_AccountRegistrationTest - Validating expected message
11:25:03.891 [main] INFO  testCases.TC_001_AccountRegistrationTest - ***  Finished TC_001_AccountRegistrationTest ***
11:26:48.839 [main] INFO  testCases.TC_001_AccountRegistrationTest - ***  Starting TC_001_AccountRegistrationTest ***
11:26:52.486 [main] INFO  testCases.TC_001_AccountRegistrationTest - Clicked on My account link
11:26:56.312 [main] INFO  testCases.TC_001_AccountRegistrationTest - Clicked on register link
11:26:56.352 [main] INFO  testCases.TC_001_AccountRegistrationTest - Providing customer data
11:26:58.516 [main] INFO  testCases.TC_001_AccountRegistrationTest - Clicked on continue
11:27:00.653 [main] INFO  testCases.TC_001_AccountRegistrationTest - Validating expected message
11:27:00.657 [main] INFO  testCases.TC_001_AccountRegistrationTest - ***  Finished TC_001_AccountRegistrationTest ***
15:23:04.291 [TestNG-tests-2] INFO  testCases.TC_001_AccountRegistrationTest - ***  Starting TC_001_AccountRegistrationTest ***
15:23:04.849 [TestNG-tests-2] INFO  testCases.TC_001_AccountRegistrationTest - Clicked on My account link
15:23:08.182 [TestNG-tests-2] INFO  testCases.TC_001_AccountRegistrationTest - Clicked on register link
15:23:08.220 [TestNG-tests-2] INFO  testCases.TC_001_AccountRegistrationTest - Providing customer data
15:23:08.940 [TestNG-tests-2] INFO  testCases.TC_001_AccountRegistrationTest - Clicked on continue
15:23:12.264 [TestNG-tests-2] INFO  testCases.TC_001_AccountRegistrationTest - Validating expected message
15:23:12.303 [TestNG-tests-2] INFO  testCases.TC_001_AccountRegistrationTest - ***  Finished TC_001_AccountRegistrationTest ***
15:24:06.974 [TestNG-tests-1] INFO  testCases.TC_001_AccountRegistrationTest - ***  Starting TC_001_AccountRegistrationTest ***
15:24:09.974 [TestNG-tests-1] INFO  testCases.TC_001_AccountRegistrationTest - Clicked on My account link
15:24:16.078 [TestNG-tests-1] INFO  testCases.TC_001_AccountRegistrationTest - Clicked on register link
15:24:16.079 [TestNG-tests-1] INFO  testCases.TC_001_AccountRegistrationTest - Providing customer data
15:24:19.917 [TestNG-tests-1] INFO  testCases.TC_001_AccountRegistrationTest - Clicked on continue
15:24:22.311 [TestNG-tests-1] INFO  testCases.TC_001_AccountRegistrationTest - Validating expected message
15:24:22.311 [TestNG-tests-1] INFO  testCases.TC_001_AccountRegistrationTest - ***  Finished TC_001_AccountRegistrationTest ***
15:28:08.364 [main] INFO  testCases.TC_001_AccountRegistrationTest - ***  Starting TC_001_AccountRegistrationTest ***
15:28:10.535 [main] INFO  testCases.TC_001_AccountRegistrationTest - Clicked on My account link
15:28:13.643 [main] INFO  testCases.TC_001_AccountRegistrationTest - Clicked on register link
15:28:13.694 [main] INFO  testCases.TC_001_AccountRegistrationTest - Providing customer data
15:28:16.176 [main] INFO  testCases.TC_001_AccountRegistrationTest - Clicked on continue
15:28:18.738 [main] INFO  testCases.TC_001_AccountRegistrationTest - Validating expected message
15:28:18.740 [main] INFO  testCases.TC_001_AccountRegistrationTest - ***  Finished TC_001_AccountRegistrationTest ***
15:29:21.510 [main] INFO  testCases.TC_001_AccountRegistrationTest - ***  Starting TC_001_AccountRegistrationTest ***
15:29:22.116 [main] INFO  testCases.TC_001_AccountRegistrationTest - Clicked on My account link
15:29:23.397 [main] INFO  testCases.TC_001_AccountRegistrationTest - Clicked on register link
15:29:23.398 [main] INFO  testCases.TC_001_AccountRegistrationTest - Providing customer data
15:29:23.976 [main] INFO  testCases.TC_001_AccountRegistrationTest - Clicked on continue
15:29:25.410 [main] INFO  testCases.TC_001_AccountRegistrationTest - Validating expected message
15:29:25.410 [main] INFO  testCases.TC_001_AccountRegistrationTest - ***  Finished TC_001_AccountRegistrationTest ***
15:46:41.114 [main] INFO  testCases.TC_001_AccountRegistrationTest - ***  Starting TC_001_AccountRegistrationTest ***
15:46:43.864 [main] INFO  testCases.TC_001_AccountRegistrationTest - Clicked on My account link
15:46:50.103 [main] INFO  testCases.TC_001_AccountRegistrationTest - Clicked on register link
15:46:50.143 [main] INFO  testCases.TC_001_AccountRegistrationTest - Providing customer data
15:46:53.414 [main] INFO  testCases.TC_001_AccountRegistrationTest - Clicked on continue
15:46:56.819 [main] INFO  testCases.TC_001_AccountRegistrationTest - Validating expected message
15:46:56.822 [main] INFO  testCases.TC_001_AccountRegistrationTest - ***  Finished TC_001_AccountRegistrationTest ***
16:15:17.396 [main] INFO  testCases.TC_001_AccountRegistrationTest - ***  Starting TC_001_AccountRegistrationTest ***
16:15:18.148 [main] INFO  testCases.TC_001_AccountRegistrationTest - Clicked on My account link
16:15:23.152 [main] INFO  testCases.TC_001_AccountRegistrationTest - Clicked on register link
16:15:23.257 [main] INFO  testCases.TC_001_AccountRegistrationTest - Providing customer data
16:15:24.814 [main] INFO  testCases.TC_001_AccountRegistrationTest - Clicked on continue
16:15:28.707 [main] INFO  testCases.TC_001_AccountRegistrationTest - Validating expected message
16:15:28.711 [main] INFO  testCases.TC_001_AccountRegistrationTest - ***  Finished TC_001_AccountRegistrationTest ***
16:19:30.035 [main] INFO  testCases.TC_001_AccountRegistrationTest - ***  Starting TC_001_AccountRegistrationTest ***
16:19:30.963 [main] INFO  testCases.TC_001_AccountRegistrationTest - Clicked on My account link
16:19:35.398 [main] INFO  testCases.TC_001_AccountRegistrationTest - Clicked on register link
16:19:35.463 [main] INFO  testCases.TC_001_AccountRegistrationTest - Providing customer data
16:19:39.278 [main] INFO  testCases.TC_001_AccountRegistrationTest - Clicked on continue
16:19:49.339 [main] INFO  testCases.TC_001_AccountRegistrationTest - Validating expected message
15:27:22.293 [main] INFO  testCases.TC_001_AccountRegistrationTest - ***  Starting TC_001_AccountRegistrationTest ***
15:27:23.033 [main] INFO  testCases.TC_001_AccountRegistrationTest - Clicked on My account link
15:27:33.155 [main] INFO  testCases.TC_001_AccountRegistrationTest - Clicked on register link
15:27:33.306 [main] INFO  testCases.TC_001_AccountRegistrationTest - Providing customer data
15:27:35.594 [main] INFO  testCases.TC_001_AccountRegistrationTest - Clicked on continue
15:27:44.228 [main] INFO  testCases.TC_001_AccountRegistrationTest - Validating expected message
15:27:44.233 [main] INFO  testCases.TC_001_AccountRegistrationTest - ***  Finished TC_001_AccountRegistrationTest ***
16:16:18.541 [main] INFO  testCases.TC_001_AccountRegistrationTest - ***  Starting TC_001_AccountRegistrationTest ***
16:16:19.101 [main] INFO  testCases.TC_001_AccountRegistrationTest - Clicked on My account link
16:16:20.577 [main] INFO  testCases.TC_001_AccountRegistrationTest - Clicked on register link
16:16:20.597 [main] INFO  testCases.TC_001_AccountRegistrationTest - Providing customer data
16:16:22.505 [main] INFO  testCases.TC_001_AccountRegistrationTest - Clicked on continue
16:16:23.963 [main] INFO  testCases.TC_001_AccountRegistrationTest - Validating expected message
16:16:23.972 [main] INFO  testCases.TC_001_AccountRegistrationTest - ***  Finished TC_001_AccountRegistrationTest ***
16:18:36.108 [main] INFO  testCases.TC_001_AccountRegistrationTest - ***  Starting TC_001_AccountRegistrationTest ***
16:18:36.650 [main] INFO  testCases.TC_001_AccountRegistrationTest - Clicked on My account link
16:18:38.086 [main] INFO  testCases.TC_001_AccountRegistrationTest - Clicked on register link
16:18:38.254 [main] INFO  testCases.TC_001_AccountRegistrationTest - Providing customer data
16:18:39.295 [main] INFO  testCases.TC_001_AccountRegistrationTest - Clicked on continue
16:18:41.138 [main] INFO  testCases.TC_001_AccountRegistrationTest - Validating expected message
16:18:41.169 [main] INFO  testCases.TC_001_AccountRegistrationTest - ***  Finished TC_001_AccountRegistrationTest ***
16:25:55.858 [main] INFO  testCases.TC_001_AccountRegistrationTest - ***  Starting TC_001_AccountRegistrationTest ***
16:25:56.928 [main] INFO  testCases.TC_001_AccountRegistrationTest - Clicked on My account link
16:25:58.729 [main] INFO  testCases.TC_001_AccountRegistrationTest - Clicked on register link
16:25:58.745 [main] INFO  testCases.TC_001_AccountRegistrationTest - Providing customer data
16:26:00.684 [main] INFO  testCases.TC_001_AccountRegistrationTest - Clicked on continue
16:26:02.127 [main] INFO  testCases.TC_001_AccountRegistrationTest - Validating expected message
16:26:02.140 [main] INFO  testCases.TC_001_AccountRegistrationTest - ***  Finished TC_001_AccountRegistrationTest ***
